<!DOCTYPE html PUBLIC "-//W3C//DTD XHTML 1.1//EN" "http://www.w3.org/TR/xhtml11/DTD/xhtml11.dtd">
<html xmlns="http://www.w3.org/1999/xhtml"><head><title>TestNG Report</title><style type="text/css">table {margin-bottom:10px;border-collapse:collapse;empty-cells:show}th,td {border:1px solid #009;padding:.25em .5em}th {vertical-align:bottom}td {vertical-align:top}table a {font-weight:bold}.stripe td {background-color: #E6EBF9}.num {text-align:right}.passedodd td {background-color: #3F3}.passedeven td {background-color: #0A0}.skippedodd td {background-color: #DDD}.skippedeven td {background-color: #CCC}.failedodd td,.attn {background-color: #F33}.failedeven td,.stripe .attn {background-color: #D00}.stacktrace {white-space:pre;font-family:monospace}.totop {font-size:85%;text-align:center;border-bottom:2px solid #000}</style></head><body><table><tr><th>Test</th><th># Passed</th><th># Skipped</th><th># Failed</th><th>Time (ms)</th><th>Included Groups</th><th>Excluded Groups</th></tr><tr><th colspan="7">Gojek-TestSuite</th></tr><tr><td><a href="#t0">TC_02_ValidPurchase</a></td><td class="num">0</td><td class="num">0</td><td class="num attn">1</td><td class="num">49,021</td><td></td><td></td></tr><tr class="stripe"><td><a href="#t1">TC_01_ValidPurchase</a></td><td class="num">0</td><td class="num">0</td><td class="num attn">1</td><td class="num">50,783</td><td></td><td></td></tr><tr><th>Total</th><th class="num">0</th><th class="num">0</th><th class="num attn">2</th><th class="num">99,804</th><th colspan="2"></th></tr></table><table><thead><tr><th>Class</th><th>Method</th><th>Start</th><th>Time (ms)</th></tr></thead><tbody><tr><th colspan="4">Gojek-TestSuite</th></tr></tbody><tbody id="t0"><tr><th colspan="4">TC_02_ValidPurchase &#8212; failed</th></tr><tr class="failedeven"><td rowspan="1">com.test.gojek.tests.BuyingPillowSuccessTest</td><td><a href="#m0">purchasePillowUsingValidPaymentDetails</a></td><td rowspan="1">1573930170045</td><td rowspan="1">36644</td></tr></tbody><tbody id="t1"><tr><th colspan="4">TC_01_ValidPurchase &#8212; failed</th></tr><tr class="failedeven"><td rowspan="1">com.test.gojek.tests.BuyingPillowSuccessTest</td><td><a href="#m1">purchasePillowUsingValidPaymentDetails</a></td><td rowspan="1">1573930171083</td><td rowspan="1">37082</td></tr></tbody></table><h2>TC_02_ValidPurchase</h2><h3 id="m0">com.test.gojek.tests.BuyingPillowSuccessTest#purchasePillowUsingValidPaymentDetails</h3><table class="result"><tr class="param"><th>Parameter #1</th><th>Parameter #2</th></tr><tr class="param stripe"><td>TC_02_ValidPurchase</td><td>firefox</td></tr><tr><th colspan="2">Messages</th></tr><tr><td colspan="2"><div class="messages">Executing Test Case 'TC_02_ValidPurchase' in 'firefox' browser<br/>Going to start Pillow purchase Transaction<br/>Sample Store Home Page verified<br/>Buy Now button clicked sucessfully<br/>In shopping cart page<br/>Pillow Amount '20000' set succsessfully<br/>Customer Name 'Budi' entered succsessfully<br/>Customer Email 'budi@utomo.com' entered succsessfully<br/>Customer Phone No. '081808466410' entered succsessfully<br/>Customer City 'Jakarta' entered succsessfully<br/>Customer Address 'MidPlaza 2, 4th Floor Jl.Jend.Sudirman Kav.10-11' entered succsessfully<br/>Customer Postal Code '10220' entered succsessfully<br/>Check Out button clicked succsessfully</div></td></tr><tr><th colspan="2">Exception</th></tr><tr><td colspan="2"><div class="stacktrace">java.lang.AssertionError: expected [true] but found [false]
	at com.test.gojek.tests.BuyingPillowSuccessTest.purchasePillowUsingValidPaymentDetails(BuyingPillowSuccessTest.java:100)
	at java.util.concurrent.FutureTask.run(FutureTask.java:266)
	at java.util.concurrent.ThreadPoolExecutor.runWorker(ThreadPoolExecutor.java:1149)
	at java.util.concurrent.ThreadPoolExecutor$Worker.run(ThreadPoolExecutor.java:624)
	at java.lang.Thread.run(Thread.java:748)
... Removed 20 stack frames</div></td></tr></table><p class="totop"><a href="#summary">back to summary</a></p><h2>TC_01_ValidPurchase</h2><h3 id="m1">com.test.gojek.tests.BuyingPillowSuccessTest#purchasePillowUsingValidPaymentDetails</h3><table class="result"><tr class="param"><th>Parameter #1</th><th>Parameter #2</th></tr><tr class="param stripe"><td>TC_01_ValidPurchase</td><td>chrome</td></tr><tr><th colspan="2">Messages</th></tr><tr><td colspan="2"><div class="messages">Executing Test Case 'TC_01_ValidPurchase' in 'chrome' browser<br/>Going to start Pillow purchase Transaction<br/>Sample Store Home Page verified<br/>Buy Now button clicked sucessfully<br/>In shopping cart page<br/>Pillow Amount '20000' set succsessfully<br/>Customer Name 'Budi' entered succsessfully<br/>Customer Email 'budi@utomo.com' entered succsessfully<br/>Customer Phone No. '081808466410' entered succsessfully<br/>Customer City 'Jakarta' entered succsessfully<br/>Customer Address 'MidPlaza 2, 4th Floor Jl.Jend.Sudirman Kav.10-11' entered succsessfully<br/>Customer Postal Code '10220' entered succsessfully<br/>Check Out button clicked succsessfully</div></td></tr><tr><th colspan="2">Exception</th></tr><tr><td colspan="2"><div class="stacktrace">java.lang.AssertionError: expected [true] but found [false]
	at com.test.gojek.tests.BuyingPillowSuccessTest.purchasePillowUsingValidPaymentDetails(BuyingPillowSuccessTest.java:100)
	at java.util.concurrent.FutureTask.run(FutureTask.java:266)
	at java.util.concurrent.ThreadPoolExecutor.runWorker(ThreadPoolExecutor.java:1149)
	at java.util.concurrent.ThreadPoolExecutor$Worker.run(ThreadPoolExecutor.java:624)
	at java.lang.Thread.run(Thread.java:748)
... Removed 20 stack frames</div></td></tr></table><p class="totop"><a href="#summary">back to summary</a></p></body></html>