<?xml version="1.0" encoding="UTF-8"?>
<testng-results skipped="0" failed="2" ignored="0" total="2" passed="0">
  <reporter-output>
    <line>
      <![CDATA[Driver created successfully]]>
    </line>
    <line>
      <![CDATA[Executing Test Case 'TC_02_ValidPurchase' in 'firefox' browser]]>
    </line>
    <line>
      <![CDATA[Going to start Pillow purchase Transaction]]>
    </line>
    <line>
      <![CDATA[Sample Store Home Page verified]]>
    </line>
    <line>
      <![CDATA[Driver created successfully]]>
    </line>
    <line>
      <![CDATA[Executing Test Case 'TC_01_ValidPurchase' in 'chrome' browser]]>
    </line>
    <line>
      <![CDATA[Going to start Pillow purchase Transaction]]>
    </line>
    <line>
      <![CDATA[Sample Store Home Page verified]]>
    </line>
    <line>
      <![CDATA[Buy Now button clicked sucessfully]]>
    </line>
    <line>
      <![CDATA[In shopping cart page]]>
    </line>
    <line>
      <![CDATA[Buy Now button clicked sucessfully]]>
    </line>
    <line>
      <![CDATA[In shopping cart page]]>
    </line>
    <line>
      <![CDATA[Pillow Amount '20000' set succsessfully]]>
    </line>
    <line>
      <![CDATA[Pillow Amount '20000' set succsessfully]]>
    </line>
    <line>
      <![CDATA[Customer Name 'Budi' entered succsessfully]]>
    </line>
    <line>
      <![CDATA[Customer Name 'Budi' entered succsessfully]]>
    </line>
    <line>
      <![CDATA[Customer Email 'budi@utomo.com' entered succsessfully]]>
    </line>
    <line>
      <![CDATA[Customer Email 'budi@utomo.com' entered succsessfully]]>
    </line>
    <line>
      <![CDATA[Customer Phone No. '081808466410' entered succsessfully]]>
    </line>
    <line>
      <![CDATA[Customer Phone No. '081808466410' entered succsessfully]]>
    </line>
    <line>
      <![CDATA[Customer City 'Jakarta' entered succsessfully]]>
    </line>
    <line>
      <![CDATA[Customer City 'Jakarta' entered succsessfully]]>
    </line>
    <line>
      <![CDATA[Customer Address 'MidPlaza 2, 4th Floor Jl.Jend.Sudirman Kav.10-11' entered succsessfully]]>
    </line>
    <line>
      <![CDATA[Customer Postal Code '10220' entered succsessfully]]>
    </line>
    <line>
      <![CDATA[Customer Address 'MidPlaza 2, 4th Floor Jl.Jend.Sudirman Kav.10-11' entered succsessfully]]>
    </line>
    <line>
      <![CDATA[Check Out button clicked succsessfully]]>
    </line>
    <line>
      <![CDATA[Customer Postal Code '10220' entered succsessfully]]>
    </line>
    <line>
      <![CDATA[Check Out button clicked succsessfully]]>
    </line>
    <line>
      <![CDATA[Test Case Completed and calling quit driver]]>
    </line>
    <line>
      <![CDATA[Test Case Completed and calling quit driver]]>
    </line>
  </reporter-output>
  <suite name="Gojek-TestSuite" duration-ms="50783" started-at="2019-11-16T18:49:18Z" finished-at="2019-11-16T18:50:08Z">
    <groups>
    </groups>
    <test name="TC_02_ValidPurchase" duration-ms="49021" started-at="2019-11-16T18:49:18Z" finished-at="2019-11-16T18:50:07Z">
      <class name="com.test.gojek.tests.BuyingPillowSuccessTest">
        <test-method status="PASS" signature="beforeTest(java.lang.String)[pri:0, instance:com.test.gojek.tests.BuyingPillowSuccessTest@5c3bd550]" name="beforeTest" is-config="true" duration-ms="11838" started-at="2019-11-17T00:19:18Z" finished-at="2019-11-17T00:19:30Z">
          <params>
            <param index="0">
              <value>
                <![CDATA[firefox]]>
              </value>
            </param>
          </params>
          <reporter-output>
            <line>
              <![CDATA[Driver created successfully]]>
            </line>
          </reporter-output>
        </test-method> <!-- beforeTest -->
        <test-method status="FAIL" signature="purchasePillowUsingValidPaymentDetails(java.lang.String, java.lang.String)[pri:0, instance:com.test.gojek.tests.BuyingPillowSuccessTest@5c3bd550]" name="purchasePillowUsingValidPaymentDetails" duration-ms="36644" started-at="2019-11-17T00:19:30Z" finished-at="2019-11-17T00:20:06Z">
          <params>
            <param index="0">
              <value>
                <![CDATA[TC_02_ValidPurchase]]>
              </value>
            </param>
            <param index="1">
              <value>
                <![CDATA[firefox]]>
              </value>
            </param>
          </params>
          <exception class="java.lang.AssertionError">
            <message>
              <![CDATA[expected [true] but found [false]]]>
            </message>
            <full-stacktrace>
              <![CDATA[java.lang.AssertionError: expected [true] but found [false]
	at org.testng.Assert.fail(Assert.java:94)
	at org.testng.Assert.failNotEquals(Assert.java:513)
	at org.testng.Assert.assertTrue(Assert.java:42)
	at org.testng.Assert.assertTrue(Assert.java:52)
	at com.test.gojek.tests.BuyingPillowSuccessTest.purchasePillowUsingValidPaymentDetails(BuyingPillowSuccessTest.java:100)
	at sun.reflect.NativeMethodAccessorImpl.invoke0(Native Method)
	at sun.reflect.NativeMethodAccessorImpl.invoke(NativeMethodAccessorImpl.java:62)
	at sun.reflect.DelegatingMethodAccessorImpl.invoke(DelegatingMethodAccessorImpl.java:43)
	at java.lang.reflect.Method.invoke(Method.java:498)
	at org.testng.internal.MethodInvocationHelper.invokeMethod(MethodInvocationHelper.java:104)
	at org.testng.internal.Invoker.invokeMethod(Invoker.java:645)
	at org.testng.internal.Invoker.invokeTestMethod(Invoker.java:851)
	at org.testng.internal.Invoker.invokeTestMethods(Invoker.java:1177)
	at org.testng.internal.TestMethodWorker.invokeTestMethods(TestMethodWorker.java:129)
	at org.testng.internal.TestMethodWorker.run(TestMethodWorker.java:112)
	at org.testng.TestRunner.privateRun(TestRunner.java:756)
	at org.testng.TestRunner.run(TestRunner.java:610)
	at org.testng.SuiteRunner.runTest(SuiteRunner.java:387)
	at org.testng.SuiteRunner.access$000(SuiteRunner.java:39)
	at org.testng.SuiteRunner$SuiteWorker.run(SuiteRunner.java:421)
	at org.testng.internal.thread.ThreadUtil$2.call(ThreadUtil.java:64)
	at java.util.concurrent.FutureTask.run(FutureTask.java:266)
	at java.util.concurrent.ThreadPoolExecutor.runWorker(ThreadPoolExecutor.java:1149)
	at java.util.concurrent.ThreadPoolExecutor$Worker.run(ThreadPoolExecutor.java:624)
	at java.lang.Thread.run(Thread.java:748)
]]>
            </full-stacktrace>
          </exception> <!-- java.lang.AssertionError -->
          <reporter-output>
            <line>
              <![CDATA[Executing Test Case 'TC_02_ValidPurchase' in 'firefox' browser]]>
            </line>
            <line>
              <![CDATA[Going to start Pillow purchase Transaction]]>
            </line>
            <line>
              <![CDATA[Sample Store Home Page verified]]>
            </line>
            <line>
              <![CDATA[Buy Now button clicked sucessfully]]>
            </line>
            <line>
              <![CDATA[In shopping cart page]]>
            </line>
            <line>
              <![CDATA[Pillow Amount '20000' set succsessfully]]>
            </line>
            <line>
              <![CDATA[Customer Name 'Budi' entered succsessfully]]>
            </line>
            <line>
              <![CDATA[Customer Email 'budi@utomo.com' entered succsessfully]]>
            </line>
            <line>
              <![CDATA[Customer Phone No. '081808466410' entered succsessfully]]>
            </line>
            <line>
              <![CDATA[Customer City 'Jakarta' entered succsessfully]]>
            </line>
            <line>
              <![CDATA[Customer Address 'MidPlaza 2, 4th Floor Jl.Jend.Sudirman Kav.10-11' entered succsessfully]]>
            </line>
            <line>
              <![CDATA[Customer Postal Code '10220' entered succsessfully]]>
            </line>
            <line>
              <![CDATA[Check Out button clicked succsessfully]]>
            </line>
          </reporter-output>
        </test-method> <!-- purchasePillowUsingValidPaymentDetails -->
        <test-method status="PASS" signature="afterTest()[pri:0, instance:com.test.gojek.tests.BuyingPillowSuccessTest@5c3bd550]" name="afterTest" is-config="true" duration-ms="506" started-at="2019-11-17T00:20:06Z" finished-at="2019-11-17T00:20:07Z">
          <reporter-output>
            <line>
              <![CDATA[Test Case Completed and calling quit driver]]>
            </line>
          </reporter-output>
        </test-method> <!-- afterTest -->
      </class> <!-- com.test.gojek.tests.BuyingPillowSuccessTest -->
    </test> <!-- TC_02_ValidPurchase -->
    <test name="TC_01_ValidPurchase" duration-ms="50783" started-at="2019-11-16T18:49:18Z" finished-at="2019-11-16T18:50:08Z">
      <class name="com.test.gojek.tests.BuyingPillowSuccessTest">
        <test-method status="PASS" signature="beforeTest(java.lang.String)[pri:0, instance:com.test.gojek.tests.BuyingPillowSuccessTest@224edc67]" name="beforeTest" is-config="true" duration-ms="12876" started-at="2019-11-17T00:19:18Z" finished-at="2019-11-17T00:19:31Z">
          <params>
            <param index="0">
              <value>
                <![CDATA[chrome]]>
              </value>
            </param>
          </params>
          <reporter-output>
            <line>
              <![CDATA[Driver created successfully]]>
            </line>
          </reporter-output>
        </test-method> <!-- beforeTest -->
        <test-method status="FAIL" signature="purchasePillowUsingValidPaymentDetails(java.lang.String, java.lang.String)[pri:0, instance:com.test.gojek.tests.BuyingPillowSuccessTest@224edc67]" name="purchasePillowUsingValidPaymentDetails" duration-ms="37082" started-at="2019-11-17T00:19:31Z" finished-at="2019-11-17T00:20:08Z">
          <params>
            <param index="0">
              <value>
                <![CDATA[TC_01_ValidPurchase]]>
              </value>
            </param>
            <param index="1">
              <value>
                <![CDATA[chrome]]>
              </value>
            </param>
          </params>
          <exception class="java.lang.AssertionError">
            <message>
              <![CDATA[expected [true] but found [false]]]>
            </message>
            <full-stacktrace>
              <![CDATA[java.lang.AssertionError: expected [true] but found [false]
	at org.testng.Assert.fail(Assert.java:94)
	at org.testng.Assert.failNotEquals(Assert.java:513)
	at org.testng.Assert.assertTrue(Assert.java:42)
	at org.testng.Assert.assertTrue(Assert.java:52)
	at com.test.gojek.tests.BuyingPillowSuccessTest.purchasePillowUsingValidPaymentDetails(BuyingPillowSuccessTest.java:100)
	at sun.reflect.NativeMethodAccessorImpl.invoke0(Native Method)
	at sun.reflect.NativeMethodAccessorImpl.invoke(NativeMethodAccessorImpl.java:62)
	at sun.reflect.DelegatingMethodAccessorImpl.invoke(DelegatingMethodAccessorImpl.java:43)
	at java.lang.reflect.Method.invoke(Method.java:498)
	at org.testng.internal.MethodInvocationHelper.invokeMethod(MethodInvocationHelper.java:104)
	at org.testng.internal.Invoker.invokeMethod(Invoker.java:645)
	at org.testng.internal.Invoker.invokeTestMethod(Invoker.java:851)
	at org.testng.internal.Invoker.invokeTestMethods(Invoker.java:1177)
	at org.testng.internal.TestMethodWorker.invokeTestMethods(TestMethodWorker.java:129)
	at org.testng.internal.TestMethodWorker.run(TestMethodWorker.java:112)
	at org.testng.TestRunner.privateRun(TestRunner.java:756)
	at org.testng.TestRunner.run(TestRunner.java:610)
	at org.testng.SuiteRunner.runTest(SuiteRunner.java:387)
	at org.testng.SuiteRunner.access$000(SuiteRunner.java:39)
	at org.testng.SuiteRunner$SuiteWorker.run(SuiteRunner.java:421)
	at org.testng.internal.thread.ThreadUtil$2.call(ThreadUtil.java:64)
	at java.util.concurrent.FutureTask.run(FutureTask.java:266)
	at java.util.concurrent.ThreadPoolExecutor.runWorker(ThreadPoolExecutor.java:1149)
	at java.util.concurrent.ThreadPoolExecutor$Worker.run(ThreadPoolExecutor.java:624)
	at java.lang.Thread.run(Thread.java:748)
]]>
            </full-stacktrace>
          </exception> <!-- java.lang.AssertionError -->
          <reporter-output>
            <line>
              <![CDATA[Executing Test Case 'TC_01_ValidPurchase' in 'chrome' browser]]>
            </line>
            <line>
              <![CDATA[Going to start Pillow purchase Transaction]]>
            </line>
            <line>
              <![CDATA[Sample Store Home Page verified]]>
            </line>
            <line>
              <![CDATA[Buy Now button clicked sucessfully]]>
            </line>
            <line>
              <![CDATA[In shopping cart page]]>
            </line>
            <line>
              <![CDATA[Pillow Amount '20000' set succsessfully]]>
            </line>
            <line>
              <![CDATA[Customer Name 'Budi' entered succsessfully]]>
            </line>
            <line>
              <![CDATA[Customer Email 'budi@utomo.com' entered succsessfully]]>
            </line>
            <line>
              <![CDATA[Customer Phone No. '081808466410' entered succsessfully]]>
            </line>
            <line>
              <![CDATA[Customer City 'Jakarta' entered succsessfully]]>
            </line>
            <line>
              <![CDATA[Customer Address 'MidPlaza 2, 4th Floor Jl.Jend.Sudirman Kav.10-11' entered succsessfully]]>
            </line>
            <line>
              <![CDATA[Customer Postal Code '10220' entered succsessfully]]>
            </line>
            <line>
              <![CDATA[Check Out button clicked succsessfully]]>
            </line>
          </reporter-output>
        </test-method> <!-- purchasePillowUsingValidPaymentDetails -->
        <test-method status="PASS" signature="afterTest()[pri:0, instance:com.test.gojek.tests.BuyingPillowSuccessTest@224edc67]" name="afterTest" is-config="true" duration-ms="797" started-at="2019-11-17T00:20:08Z" finished-at="2019-11-17T00:20:08Z">
          <reporter-output>
            <line>
              <![CDATA[Test Case Completed and calling quit driver]]>
            </line>
          </reporter-output>
        </test-method> <!-- afterTest -->
      </class> <!-- com.test.gojek.tests.BuyingPillowSuccessTest -->
    </test> <!-- TC_01_ValidPurchase -->
  </suite> <!-- Gojek-TestSuite -->
</testng-results>
