<?xml version="1.0" encoding="UTF-8"?>
<!-- Generated by org.testng.reporters.JUnitXMLReporter -->
<testsuite hostname="DESKTOP-NR1LKJG" ignored="0" name="TC_01_ValidPurchase" tests="1" failures="1" timestamp="16 Nov 2019 18:50:09 GMT" time="50.783" errors="0">
  <testcase name="purchasePillowUsingValidPaymentDetails" time="37.082" classname="com.test.gojek.tests.BuyingPillowSuccessTest">
    <failure type="java.lang.AssertionError" message="expected [true] but found [false]">
      <![CDATA[java.lang.AssertionError: expected [true] but found [false]
	at com.test.gojek.tests.BuyingPillowSuccessTest.purchasePillowUsingValidPaymentDetails(BuyingPillowSuccessTest.java:100)
	at java.util.concurrent.FutureTask.run(FutureTask.java:266)
	at java.util.concurrent.ThreadPoolExecutor.runWorker(ThreadPoolExecutor.java:1149)
	at java.util.concurrent.ThreadPoolExecutor$Worker.run(ThreadPoolExecutor.java:624)
	at java.lang.Thread.run(Thread.java:748)
... Removed 20 stack frames]]>
    </failure>
  </testcase> <!-- purchasePillowUsingValidPaymentDetails -->
</testsuite> <!-- TC_01_ValidPurchase -->
